app/build/intermediates/manifest_merge_blame_file/debug/manifest-merger-blame-debug-report.txt
1<?xml version="1.0" encoding="utf-8"?>
2<manifest xmlns:android="http://schemas.android.com/apk/res/android"
3    package="com.dna.plank"
4    android:versionCode="1"
5    android:versionName="1.0" >
6
7    <uses-sdk
8        android:minSdkVersion="21"
8-->src\main\AndroidManifest.xml
9        android:targetSdkVersion="29" />
9-->src\main\AndroidManifest.xml
10
11    <uses-permission android:name="android.permission.CAMERA" />
11-->src\main\AndroidManifest.xml:5:5-65
11-->src\main\AndroidManifest.xml:5:22-62
12
13    <uses-feature
13-->src\main\AndroidManifest.xml:7:5-91
14        android:name="android.hardware.camera.front"
14-->src\main\AndroidManifest.xml:7:19-63
15        android:required="false" />
15-->src\main\AndroidManifest.xml:7:64-88
16    <uses-feature android:name="android.hardware.camera.autofocus" />
16-->src\main\AndroidManifest.xml:9:5-70
16-->src\main\AndroidManifest.xml:9:19-67
17
18    <application
18-->src\main\AndroidManifest.xml:11:5-39:19
19        android:allowBackup="true"
19-->src\main\AndroidManifest.xml:12:9-35
20        android:appComponentFactory="androidx.core.app.CoreComponentFactory"
20-->[androidx.core:core:1.3.1] AndroidManifest.xml:24:18-86
21        android:debuggable="true"
22        android:icon="@mipmap/ic_launcher"
22-->src\main\AndroidManifest.xml:13:9-43
23        android:label="@string/app_name"
23-->src\main\AndroidManifest.xml:14:9-41
24        android:theme="@style/AppTheme.Plank" >
24-->src\main\AndroidManifest.xml:15:9-46
25        <activity android:name="com.dna.plank.BeforeMainActivity" >
25-->src\main\AndroidManifest.xml:17:9-25:20
25-->src\main\AndroidManifest.xml:17:19-53
26            <intent-filter>
26-->src\main\AndroidManifest.xml:18:13-22:29
27                <action android:name="android.intent.action.MAIN" />
27-->src\main\AndroidManifest.xml:19:17-69
27-->src\main\AndroidManifest.xml:19:25-66
28
29                <category android:name="android.intent.category.LAUNCHER" />
29-->src\main\AndroidManifest.xml:21:17-77
29-->src\main\AndroidManifest.xml:21:27-74
30            </intent-filter>
31        </activity>
32        <activity
32-->src\main\AndroidManifest.xml:26:9-31:20
33            android:name="com.dna.plank.CameraActivity"
33-->src\main\AndroidManifest.xml:27:13-43
34            android:label="@string/app_name" >
34-->src\main\AndroidManifest.xml:28:13-45
35        </activity>
36        <activity
36-->src\main\AndroidManifest.xml:33:9-38:20
37            android:name="com.dna.plank.MainActivity"
37-->src\main\AndroidManifest.xml:34:13-41
38            android:label="@string/app_name"
38-->src\main\AndroidManifest.xml:35:13-45
39            android:screenOrientation="portrait" >
39-->src\main\AndroidManifest.xml:36:13-49
40        </activity>
41    </application>
42
43</manifest>